<?xml version="1.0" encoding="UTF-8"?>
<!-- Generated by org.testng.reporters.JUnitXMLReporter -->
<testsuite ignored="0" hostname="LAPTOP-U94663UT" failures="0" tests="4" name="Test" time="41.805" errors="0" timestamp="2022-03-02T08:36:11 CST">
  <testcase classname="com.JupiterToys_POMSeleniumFramework.tests.Tests_JupiterToys_Module1Test" name="Tests_JupiterToys_Module1_TC1" time="16.408"/>
  <testcase classname="com.JupiterToys_POMSeleniumFramework.tests.Tests_JupiterToys_Module1Test" name="Tests_JupiterToys_Module1_TC2" time="9.867"/>
  <testcase classname="com.JupiterToys_POMSeleniumFramework.tests.Tests_JupiterToys_Module1Test" name="Tests_JupiterToys_Module1_TC3" time="0.861"/>
  <testcase classname="com.JupiterToys_POMSeleniumFramework.tests.Tests_JupiterToys_Module1Test" name="Tests_JupiterToys_Module1_TC4" time="2.385"/>
</testsuite> <!-- Test -->
