<?xml version="1.0" encoding="UTF-8"?>
<testng-results skipped="0" failed="0" ignored="0" total="2" passed="2">
  <reporter-output>
  </reporter-output>
  <suite name="Practice Suite" duration-ms="33042" started-at="2021-06-17T01:33:05 CST" finished-at="2021-06-17T01:33:38 CST">
    <groups>
    </groups>
    <test name="Test Basics 1" duration-ms="33042" started-at="2021-06-17T01:33:05 CST" finished-at="2021-06-17T01:33:38 CST">
      <class name="com.TDDPOMSeleniumFramework.tests.SmokeTests_NewTours_Module1">
        <test-method status="PASS" signature="BeforeClass(java.lang.String)[pri:0, instance:com.TDDPOMSeleniumFramework.tests.SmokeTests_NewTours_Module1@fb309]" name="BeforeClass" is-config="true" duration-ms="30456" started-at="2021-06-17T01:33:05 CST" finished-at="2021-06-17T01:33:35 CST">
          <params>
            <param index="0">
              <value>
                <![CDATA[chrome]]>
              </value>
            </param>
          </params>
          <reporter-output>
          </reporter-output>
        </test-method> <!-- BeforeClass -->
        <test-method status="PASS" signature="BeforeMethod(java.lang.reflect.Method)[pri:0, instance:com.TDDPOMSeleniumFramework.tests.SmokeTests_NewTours_Module1@fb309]" name="BeforeMethod" is-config="true" duration-ms="3" started-at="2021-06-17T01:33:35 CST" finished-at="2021-06-17T01:33:35 CST">
          <params>
            <param index="0">
              <value>
                <![CDATA[public void com.TDDPOMSeleniumFramework.tests.SmokeTests_NewTours_Module1.SmokeTests_NewTours_Module1_TC1()]]>
              </value>
            </param>
          </params>
          <reporter-output>
          </reporter-output>
        </test-method> <!-- BeforeMethod -->
        <test-method status="PASS" signature="SmokeTests_NewTours_Module1_TC1()[pri:1, instance:com.TDDPOMSeleniumFramework.tests.SmokeTests_NewTours_Module1@fb309]" name="SmokeTests_NewTours_Module1_TC1" duration-ms="189" started-at="2021-06-17T01:33:35 CST" finished-at="2021-06-17T01:33:35 CST">
          <reporter-output>
          </reporter-output>
        </test-method> <!-- SmokeTests_NewTours_Module1_TC1 -->
        <test-method status="PASS" signature="AfterMethod(org.testng.ITestResult)[pri:0, instance:com.TDDPOMSeleniumFramework.tests.SmokeTests_NewTours_Module1@fb309]" name="AfterMethod" is-config="true" duration-ms="2" started-at="2021-06-17T01:33:35 CST" finished-at="2021-06-17T01:33:35 CST">
          <params>
            <param index="0">
              <value>
                <![CDATA[[TestResult name=SmokeTests_NewTours_Module1_TC1 status=SUCCESS method=SmokeTests_NewTours_Module1.SmokeTests_NewTours_Module1_TC1()[pri:1, instance:com.TDDPOMSeleniumFramework.tests.SmokeTests_NewTours_Module1@fb309] output={null}]]]>
              </value>
            </param>
          </params>
          <reporter-output>
          </reporter-output>
        </test-method> <!-- AfterMethod -->
        <test-method status="PASS" signature="BeforeMethod(java.lang.reflect.Method)[pri:0, instance:com.TDDPOMSeleniumFramework.tests.SmokeTests_NewTours_Module1@fb309]" name="BeforeMethod" is-config="true" duration-ms="0" started-at="2021-06-17T01:33:35 CST" finished-at="2021-06-17T01:33:35 CST">
          <params>
            <param index="0">
              <value>
                <![CDATA[public void com.TDDPOMSeleniumFramework.tests.SmokeTests_NewTours_Module1.SmokeTests_NewTours_Module1_TC2()]]>
              </value>
            </param>
          </params>
          <reporter-output>
          </reporter-output>
        </test-method> <!-- BeforeMethod -->
        <test-method status="PASS" signature="SmokeTests_NewTours_Module1_TC2()[pri:2, instance:com.TDDPOMSeleniumFramework.tests.SmokeTests_NewTours_Module1@fb309]" name="SmokeTests_NewTours_Module1_TC2" duration-ms="29" started-at="2021-06-17T01:33:35 CST" finished-at="2021-06-17T01:33:35 CST">
          <reporter-output>
          </reporter-output>
        </test-method> <!-- SmokeTests_NewTours_Module1_TC2 -->
        <test-method status="PASS" signature="AfterClass()[pri:0, instance:com.TDDPOMSeleniumFramework.tests.SmokeTests_NewTours_Module1@fb309]" name="AfterClass" is-config="true" duration-ms="2331" started-at="2021-06-17T01:33:35 CST" finished-at="2021-06-17T01:33:38 CST">
          <reporter-output>
          </reporter-output>
        </test-method> <!-- AfterClass -->
        <test-method status="PASS" signature="AfterMethod(org.testng.ITestResult)[pri:0, instance:com.TDDPOMSeleniumFramework.tests.SmokeTests_NewTours_Module1@fb309]" name="AfterMethod" is-config="true" duration-ms="0" started-at="2021-06-17T01:33:35 CST" finished-at="2021-06-17T01:33:35 CST">
          <params>
            <param index="0">
              <value>
                <![CDATA[[TestResult name=SmokeTests_NewTours_Module1_TC2 status=SUCCESS method=SmokeTests_NewTours_Module1.SmokeTests_NewTours_Module1_TC2()[pri:2, instance:com.TDDPOMSeleniumFramework.tests.SmokeTests_NewTours_Module1@fb309] output={null}]]]>
              </value>
            </param>
          </params>
          <reporter-output>
          </reporter-output>
        </test-method> <!-- AfterMethod -->
      </class> <!-- com.TDDPOMSeleniumFramework.tests.SmokeTests_NewTours_Module1 -->
    </test> <!-- Test Basics 1 -->
  </suite> <!-- Practice Suite -->
</testng-results>
