<?xml version="1.0" encoding="UTF-8"?>
<!-- Generated by org.testng.reporters.JUnitXMLReporter -->
<testsuite hostname="LAPTOP-U94663UT" ignored="0" name="Test Basics 1" tests="2" failures="0" timestamp="2021-06-17T01:33:38 CST" time="33.042" errors="0">
  <testcase name="SmokeTests_NewTours_Module1_TC1" time="0.189" classname="com.TDDPOMSeleniumFramework.tests.SmokeTests_NewTours_Module1"/>
  <testcase name="SmokeTests_NewTours_Module1_TC2" time="0.029" classname="com.TDDPOMSeleniumFramework.tests.SmokeTests_NewTours_Module1"/>
</testsuite> <!-- Test Basics 1 -->
