<?xml version="1.0" encoding="UTF-8"?>
<!-- Generated by org.testng.reporters.JUnitXMLReporter -->
<testsuite ignored="0" hostname="LAPTOP-U94663UT" failures="0" tests="2" name="Test Basics 1" time="35.455" errors="0" timestamp="2022-02-25T09:29:31 CST">
  <testcase classname="com.TDDPOMSeleniumFramework.tests.SmokeTests_NewTours_Module1Test" name="SmokeTests_NewTours_Module1_TC1" time="0.431"/>
  <testcase classname="com.TDDPOMSeleniumFramework.tests.SmokeTests_NewTours_Module1Test" name="SmokeTests_NewTours_Module1_TC2" time="0.251"/>
</testsuite> <!-- Test Basics 1 -->
